<?xml version="1.0" encoding="utf-8" ?>
<dataset>
    <boots id="15" size="3.4" type="CHUKKA" material="suede" quantity = "20"></boots>
</dataset>